<?xml version="1.0" encoding="UTF-8"?>
<testsuite name="memory.MemoryFinderTest" tests="1" skipped="0" failures="0" errors="0" timestamp="2024-11-27T13:53:10" hostname="MUSICIAN" time="0.14">
  <properties/>
  <testcase name="get()" classname="memory.MemoryFinderTest" time="0.14"/>
  <system-out><![CDATA[]]></system-out>
  <system-err><![CDATA[]]></system-err>
</testsuite>
